<?xml version='1.0' encoding='UTF-8' ?>
<testsuite name="com.example.tb1mobileprogramming.ExampleInstrumentedTest" tests="1" failures="0" errors="0" skipped="0" time="12.704" timestamp="2024-04-28T08:30:47" hostname="localhost">
  <properties>
    <property name="device" value="Pixel_2_API_30(AVD) - 11" />
    <property name="flavor" value="" />
    <property name="project" value=":app" />
  </properties>
  <testcase name="useAppContext" classname="com.example.tb1mobileprogramming.ExampleInstrumentedTest" time="0.109" />
</testsuite>